<?xml version="1.0" encoding="UTF-8"?>
<testng-results ignored="0" total="5" passed="5" failed="0" skipped="0">
  <reporter-output>
  </reporter-output>
  <suite started-at="2026-05-28T18:02:44 IST" name="Surefire suite" finished-at="2026-05-28T18:05:05 IST" duration-ms="140725">
    <groups>
      <group name="cucumber">
        <method signature="AbstractTestNGCucumberTests.runScenario(io.cucumber.testng.PickleWrapper,io.cucumber.testng.FeatureWrapper)[pri:0, instance:Runner.TestRunner@479d31f3]" name="runScenario" class="io.cucumber.testng.AbstractTestNGCucumberTests"/>
      </group> <!-- cucumber -->
    </groups>
    <test started-at="2026-05-28T18:02:44 IST" name="Surefire test" finished-at="2026-05-28T18:05:05 IST" duration-ms="140725">
      <class name="Runner.TestRunner">
        <test-method is-config="true" signature="setUpClass(org.testng.ITestContext)[pri:0, instance:Runner.TestRunner@479d31f3]" started-at="2026-05-28T18:02:44 IST" name="setUpClass" finished-at="2026-05-28T18:02:45 IST" duration-ms="368" status="PASS">
          <params>
            <param index="0">
              <value>
                <![CDATA[org.testng.TestRunner@3fde8f7c]]>
              </value>
            </param>
          </params>
          <reporter-output>
          </reporter-output>
        </test-method> <!-- setUpClass -->
        <test-method signature="runScenario(io.cucumber.testng.PickleWrapper,io.cucumber.testng.FeatureWrapper)[pri:0, instance:Runner.TestRunner@479d31f3]" started-at="2026-05-28T18:02:45 IST" name="runScenario" description="Runs Cucumber Scenarios" data-provider="scenarios" finished-at="2026-05-28T18:03:11 IST" duration-ms="25942" status="PASS">
          <params>
            <param index="0">
              <value>
                <![CDATA["Validate login popup"]]>
              </value>
            </param>
            <param index="1">
              <value>
                <![CDATA["Login Popup"]]>
              </value>
            </param>
          </params>
          <reporter-output>
          </reporter-output>
        </test-method> <!-- runScenario -->
        <test-method signature="runScenario(io.cucumber.testng.PickleWrapper,io.cucumber.testng.FeatureWrapper)[pri:0, instance:Runner.TestRunner@479d31f3]" started-at="2026-05-28T18:03:11 IST" name="runScenario" description="Runs Cucumber Scenarios" data-provider="scenarios" finished-at="2026-05-28T18:03:32 IST" duration-ms="20861" status="PASS">
          <params>
            <param index="0">
              <value>
                <![CDATA["Validate page scrolling"]]>
              </value>
            </param>
            <param index="1">
              <value>
                <![CDATA["Scroll Functionality"]]>
              </value>
            </param>
          </params>
          <reporter-output>
          </reporter-output>
        </test-method> <!-- runScenario -->
        <test-method signature="runScenario(io.cucumber.testng.PickleWrapper,io.cucumber.testng.FeatureWrapper)[pri:0, instance:Runner.TestRunner@479d31f3]" started-at="2026-05-28T18:03:32 IST" name="runScenario" description="Runs Cucumber Scenarios" data-provider="scenarios" finished-at="2026-05-28T18:04:02 IST" duration-ms="30160" status="PASS">
          <params>
            <param index="0">
              <value>
                <![CDATA["Validate mobile search functionality"]]>
              </value>
            </param>
            <param index="1">
              <value>
                <![CDATA["Flipkart Search Functionality"]]>
              </value>
            </param>
          </params>
          <reporter-output>
          </reporter-output>
        </test-method> <!-- runScenario -->
        <test-method signature="runScenario(io.cucumber.testng.PickleWrapper,io.cucumber.testng.FeatureWrapper)[pri:0, instance:Runner.TestRunner@479d31f3]" started-at="2026-05-28T18:04:02 IST" name="runScenario" description="Runs Cucumber Scenarios" data-provider="scenarios" finished-at="2026-05-28T18:04:34 IST" duration-ms="31814" status="PASS">
          <params>
            <param index="0">
              <value>
                <![CDATA["Validate mobile search functionality"]]>
              </value>
            </param>
            <param index="1">
              <value>
                <![CDATA["Flipkart Search Functionality"]]>
              </value>
            </param>
          </params>
          <reporter-output>
          </reporter-output>
        </test-method> <!-- runScenario -->
        <test-method signature="runScenario(io.cucumber.testng.PickleWrapper,io.cucumber.testng.FeatureWrapper)[pri:0, instance:Runner.TestRunner@479d31f3]" started-at="2026-05-28T18:04:34 IST" name="runScenario" description="Runs Cucumber Scenarios" data-provider="scenarios" finished-at="2026-05-28T18:05:05 IST" duration-ms="31494" status="PASS">
          <params>
            <param index="0">
              <value>
                <![CDATA["Validate mobile search functionality"]]>
              </value>
            </param>
            <param index="1">
              <value>
                <![CDATA["Flipkart Search Functionality"]]>
              </value>
            </param>
          </params>
          <reporter-output>
          </reporter-output>
        </test-method> <!-- runScenario -->
        <test-method is-config="true" signature="tearDownClass()[pri:0, instance:Runner.TestRunner@479d31f3]" started-at="2026-05-28T18:05:05 IST" name="tearDownClass" finished-at="2026-05-28T18:05:05 IST" duration-ms="55" status="PASS">
          <reporter-output>
          </reporter-output>
        </test-method> <!-- tearDownClass -->
      </class> <!-- Runner.TestRunner -->
    </test> <!-- Surefire test -->
  </suite> <!-- Surefire suite -->
</testng-results>
