<?xml version="1.0" encoding="UTF-8"?>
<testsuite xmlns:xsi="http://www.w3.org/2001/XMLSchema-instance" xsi:noNamespaceSchemaLocation="https://maven.apache.org/surefire/maven-surefire-plugin/xsd/surefire-test-report-3.0.xsd" version="3.0" name="Runner.TestRunner" time="114.09" tests="5" errors="0" skipped="0" failures="0">
  <properties>
[...]
</properties>
  <testcase name="runScenario[&quot;Validate login popup&quot;, &quot;Login Popup&quot;](1)" classname="Runner.TestRunner" time="25.516">
    <system-out><![CDATA[
Scenario Outline: Validate login popup     # src/test/resources/features/login.feature:13
  Given User launches the Flipkart website # stepdefinitions.LoginSteps.user_launches_the_flipkart_website()
Popup not displayed
  When User clicks Login button            # stepdefinitions.LoginSteps.user_clicks_login_button()
  Then Login popup should appear           # stepdefinitions.LoginSteps.login_popup_should_appear()
Screenshot saved successfully
]]></system-out>
    <system-err><![CDATA[SLF4J: Failed to load class "org.slf4j.impl.StaticLoggerBinder".
SLF4J: Defaulting to no-operation (NOP) logger implementation
SLF4J: See http://www.slf4j.org/codes.html#StaticLoggerBinder for further details.
May 30, 2026 12:39:23 PM org.openqa.selenium.devtools.CdpVersionFinder findNearestMatch
WARNING: Unable to find CDP implementation matching 148
May 30, 2026 12:39:23 PM org.openqa.selenium.chromium.ChromiumDriver lambda$new$4
WARNING: Unable to find version of CDP to use for 148.0.7778.181. You may need to include a dependency on a specific version of the CDP using something similar to `org.seleniumhq.selenium:selenium-devtools-v86:4.34.0` where the version ("v86") matches the version of the chromium-based browser you're using and the version number of the artifact is the same as Selenium's.
May 30, 2026 12:39:29 PM org.openqa.selenium.devtools.CdpVersionFinder findNearestMatch
WARNING: Unable to find CDP implementation matching 148
May 30, 2026 12:39:29 PM org.openqa.selenium.chromium.ChromiumDriver lambda$new$4
WARNING: Unable to find version of CDP to use for 148.0.7778.181. You may need to include a dependency on a specific version of the CDP using something similar to `org.seleniumhq.selenium:selenium-devtools-v86:4.34.0` where the version ("v86") matches the version of the chromium-based browser you're using and the version number of the artifact is the same as Selenium's.
]]></system-err>
  </testcase>
  <testcase name="runScenario[&quot;Validate page scrolling&quot;, &quot;Scroll Functionality&quot;](2)" classname="Runner.TestRunner" time="12.921">
    <system-out><![CDATA[
Scenario Outline: Validate page scrolling                    # src/test/resources/features/scroll.feature:13
  Given User launches the browser and opens Flipkart website # stepdefinitions.CommonSteps.user_launches_the_browser_and_opens_flipkart_website()
  When User scrolls down the page                            # stepdefinitions.ScrollSteps.user_scrolls_down_the_page()
Online Shopping Site for Mobiles, Electronics, Furniture, Grocery, Lifestyle, Books & More. Best Offers!
  Then Page should scroll successfully                       # stepdefinitions.ScrollSteps.page_should_scroll_successfully()
Screenshot saved successfully
]]></system-out>
    <system-err><![CDATA[May 30, 2026 12:39:47 PM org.openqa.selenium.devtools.CdpVersionFinder findNearestMatch
WARNING: Unable to find CDP implementation matching 148
May 30, 2026 12:39:47 PM org.openqa.selenium.chromium.ChromiumDriver lambda$new$4
WARNING: Unable to find version of CDP to use for 148.0.7778.181. You may need to include a dependency on a specific version of the CDP using something similar to `org.seleniumhq.selenium:selenium-devtools-v86:4.34.0` where the version ("v86") matches the version of the chromium-based browser you're using and the version number of the artifact is the same as Selenium's.
May 30, 2026 12:39:53 PM org.openqa.selenium.devtools.CdpVersionFinder findNearestMatch
WARNING: Unable to find CDP implementation matching 148
May 30, 2026 12:39:53 PM org.openqa.selenium.chromium.ChromiumDriver lambda$new$4
WARNING: Unable to find version of CDP to use for 148.0.7778.181. You may need to include a dependency on a specific version of the CDP using something similar to `org.seleniumhq.selenium:selenium-devtools-v86:4.34.0` where the version ("v86") matches the version of the chromium-based browser you're using and the version number of the artifact is the same as Selenium's.
]]></system-err>
  </testcase>
  <testcase name="runScenario[&quot;Validate mobile search functionality&quot;, &quot;Flipkart Search Functionality&quot;](3)" classname="Runner.TestRunner" time="24.735">
    <system-out><![CDATA[
Scenario Outline: Validate mobile search functionality       # src/test/resources/features/search.feature:13
  Given User launches the browser and opens Flipkart website # stepdefinitions.CommonSteps.user_launches_the_browser_and_opens_flipkart_website()
Popup not displayed
Product searched successfully
  When User searches for "iPhone 15"                         # stepdefinitions.SearchSteps.user_searches_for(java.lang.String)
https://www.flipkart.com/search?q=iPhone%2015&otracker=search&otracker1=search&marketplace=FLIPKART&as-show=off&as=off
  Then User should navigate to the search results page       # stepdefinitions.SearchSteps.user_should_navigate_to_the_search_results_page()
Screenshot saved successfully
]]></system-out>
    <system-err><![CDATA[May 30, 2026 12:40:00 PM org.openqa.selenium.devtools.CdpVersionFinder findNearestMatch
WARNING: Unable to find CDP implementation matching 148
May 30, 2026 12:40:00 PM org.openqa.selenium.chromium.ChromiumDriver lambda$new$4
WARNING: Unable to find version of CDP to use for 148.0.7778.181. You may need to include a dependency on a specific version of the CDP using something similar to `org.seleniumhq.selenium:selenium-devtools-v86:4.34.0` where the version ("v86") matches the version of the chromium-based browser you're using and the version number of the artifact is the same as Selenium's.
May 30, 2026 12:40:05 PM org.openqa.selenium.devtools.CdpVersionFinder findNearestMatch
WARNING: Unable to find CDP implementation matching 148
May 30, 2026 12:40:05 PM org.openqa.selenium.chromium.ChromiumDriver lambda$new$4
WARNING: Unable to find version of CDP to use for 148.0.7778.181. You may need to include a dependency on a specific version of the CDP using something similar to `org.seleniumhq.selenium:selenium-devtools-v86:4.34.0` where the version ("v86") matches the version of the chromium-based browser you're using and the version number of the artifact is the same as Selenium's.
]]></system-err>
  </testcase>
  <testcase name="runScenario[&quot;Validate mobile search functionality&quot;, &quot;Flipkart Search Functionality&quot;](4)" classname="Runner.TestRunner" time="25.326">
    <system-out><![CDATA[
Scenario Outline: Validate mobile search functionality       # src/test/resources/features/search.feature:14
  Given User launches the browser and opens Flipkart website # stepdefinitions.CommonSteps.user_launches_the_browser_and_opens_flipkart_website()
Popup not displayed
Product searched successfully
  When User searches for "Samsung"                           # stepdefinitions.SearchSteps.user_searches_for(java.lang.String)
https://www.flipkart.com/search?q=Samsung&otracker=search&otracker1=search&marketplace=FLIPKART&as-show=off&as=off
  Then User should navigate to the search results page       # stepdefinitions.SearchSteps.user_should_navigate_to_the_search_results_page()
Screenshot saved successfully
]]></system-out>
    <system-err><![CDATA[May 30, 2026 12:40:24 PM org.openqa.selenium.devtools.CdpVersionFinder findNearestMatch
WARNING: Unable to find CDP implementation matching 148
May 30, 2026 12:40:24 PM org.openqa.selenium.chromium.ChromiumDriver lambda$new$4
WARNING: Unable to find version of CDP to use for 148.0.7778.181. You may need to include a dependency on a specific version of the CDP using something similar to `org.seleniumhq.selenium:selenium-devtools-v86:4.34.0` where the version ("v86") matches the version of the chromium-based browser you're using and the version number of the artifact is the same as Selenium's.
May 30, 2026 12:40:31 PM org.openqa.selenium.devtools.CdpVersionFinder findNearestMatch
WARNING: Unable to find CDP implementation matching 148
May 30, 2026 12:40:31 PM org.openqa.selenium.chromium.ChromiumDriver lambda$new$4
WARNING: Unable to find version of CDP to use for 148.0.7778.181. You may need to include a dependency on a specific version of the CDP using something similar to `org.seleniumhq.selenium:selenium-devtools-v86:4.34.0` where the version ("v86") matches the version of the chromium-based browser you're using and the version number of the artifact is the same as Selenium's.
]]></system-err>
  </testcase>
  <testcase name="runScenario[&quot;Validate mobile search functionality&quot;, &quot;Flipkart Search Functionality&quot;](5)" classname="Runner.TestRunner" time="24.299">
    <system-out><![CDATA[
Scenario Outline: Validate mobile search functionality       # src/test/resources/features/search.feature:15
  Given User launches the browser and opens Flipkart website # stepdefinitions.CommonSteps.user_launches_the_browser_and_opens_flipkart_website()
Popup not displayed
Product searched successfully
  When User searches for "Vivo"                              # stepdefinitions.SearchSteps.user_searches_for(java.lang.String)
https://www.flipkart.com/search?q=Vivo&otracker=search&otracker1=search&marketplace=FLIPKART&as-show=off&as=off
  Then User should navigate to the search results page       # stepdefinitions.SearchSteps.user_should_navigate_to_the_search_results_page()
Screenshot saved successfully
]]></system-out>
    <system-err><![CDATA[May 30, 2026 12:40:50 PM org.openqa.selenium.devtools.CdpVersionFinder findNearestMatch
WARNING: Unable to find CDP implementation matching 148
May 30, 2026 12:40:50 PM org.openqa.selenium.chromium.ChromiumDriver lambda$new$4
WARNING: Unable to find version of CDP to use for 148.0.7778.181. You may need to include a dependency on a specific version of the CDP using something similar to `org.seleniumhq.selenium:selenium-devtools-v86:4.34.0` where the version ("v86") matches the version of the chromium-based browser you're using and the version number of the artifact is the same as Selenium's.
May 30, 2026 12:40:55 PM org.openqa.selenium.devtools.CdpVersionFinder findNearestMatch
WARNING: Unable to find CDP implementation matching 148
May 30, 2026 12:40:55 PM org.openqa.selenium.chromium.ChromiumDriver lambda$new$4
WARNING: Unable to find version of CDP to use for 148.0.7778.181. You may need to include a dependency on a specific version of the CDP using something similar to `org.seleniumhq.selenium:selenium-devtools-v86:4.34.0` where the version ("v86") matches the version of the chromium-based browser you're using and the version number of the artifact is the same as Selenium's.
]]></system-err>
  </testcase>
</testsuite>