<?xml version="1.0" encoding="UTF-8"?>
<testng-results ignored="0" total="5" passed="5" failed="0" skipped="0">
  <reporter-output>
  </reporter-output>
  <suite started-at="2026-05-28T18:07:13 IST" name="Default suite" finished-at="2026-05-28T18:10:53 IST" duration-ms="219317">
    <groups>
      <group name="cucumber">
        <method signature="AbstractTestNGCucumberTests.runScenario(io.cucumber.testng.PickleWrapper,io.cucumber.testng.FeatureWrapper)[pri:0, instance:Runner.TestRunner@68e5eea7]" name="runScenario" class="io.cucumber.testng.AbstractTestNGCucumberTests"/>
      </group> <!-- cucumber -->
    </groups>
    <test started-at="2026-05-28T18:07:13 IST" name="Default test" finished-at="2026-05-28T18:10:53 IST" duration-ms="219317">
      <class name="Runner.TestRunner">
        <test-method is-config="true" signature="setUpClass(org.testng.ITestContext)[pri:0, instance:Runner.TestRunner@68e5eea7]" started-at="2026-05-28T18:07:13 IST" name="setUpClass" finished-at="2026-05-28T18:07:14 IST" duration-ms="407" status="PASS">
          <params>
            <param index="0">
              <value>
                <![CDATA[org.testng.TestRunner@58eac00e]]>
              </value>
            </param>
          </params>
          <reporter-output>
          </reporter-output>
        </test-method> <!-- setUpClass -->
        <test-method signature="runScenario(io.cucumber.testng.PickleWrapper,io.cucumber.testng.FeatureWrapper)[pri:0, instance:Runner.TestRunner@68e5eea7]" started-at="2026-05-28T18:07:14 IST" name="runScenario" description="Runs Cucumber Scenarios" data-provider="scenarios" finished-at="2026-05-28T18:07:44 IST" duration-ms="30201" status="PASS">
          <params>
            <param index="0">
              <value>
                <![CDATA["Validate login popup"]]>
              </value>
            </param>
            <param index="1">
              <value>
                <![CDATA["Login Popup"]]>
              </value>
            </param>
          </params>
          <reporter-output>
          </reporter-output>
        </test-method> <!-- runScenario -->
        <test-method signature="runScenario(io.cucumber.testng.PickleWrapper,io.cucumber.testng.FeatureWrapper)[pri:0, instance:Runner.TestRunner@68e5eea7]" started-at="2026-05-28T18:07:44 IST" name="runScenario" description="Runs Cucumber Scenarios" data-provider="scenarios" finished-at="2026-05-28T18:08:04 IST" duration-ms="20237" status="PASS">
          <params>
            <param index="0">
              <value>
                <![CDATA["Validate page scrolling"]]>
              </value>
            </param>
            <param index="1">
              <value>
                <![CDATA["Scroll Functionality"]]>
              </value>
            </param>
          </params>
          <reporter-output>
          </reporter-output>
        </test-method> <!-- runScenario -->
        <test-method signature="runScenario(io.cucumber.testng.PickleWrapper,io.cucumber.testng.FeatureWrapper)[pri:0, instance:Runner.TestRunner@68e5eea7]" started-at="2026-05-28T18:08:04 IST" name="runScenario" description="Runs Cucumber Scenarios" data-provider="scenarios" finished-at="2026-05-28T18:08:47 IST" duration-ms="42639" status="PASS">
          <params>
            <param index="0">
              <value>
                <![CDATA["Validate mobile search functionality"]]>
              </value>
            </param>
            <param index="1">
              <value>
                <![CDATA["Flipkart Search Functionality"]]>
              </value>
            </param>
          </params>
          <reporter-output>
          </reporter-output>
        </test-method> <!-- runScenario -->
        <test-method signature="runScenario(io.cucumber.testng.PickleWrapper,io.cucumber.testng.FeatureWrapper)[pri:0, instance:Runner.TestRunner@68e5eea7]" started-at="2026-05-28T18:08:47 IST" name="runScenario" description="Runs Cucumber Scenarios" data-provider="scenarios" finished-at="2026-05-28T18:10:19 IST" duration-ms="92391" status="PASS">
          <params>
            <param index="0">
              <value>
                <![CDATA["Validate mobile search functionality"]]>
              </value>
            </param>
            <param index="1">
              <value>
                <![CDATA["Flipkart Search Functionality"]]>
              </value>
            </param>
          </params>
          <reporter-output>
          </reporter-output>
        </test-method> <!-- runScenario -->
        <test-method signature="runScenario(io.cucumber.testng.PickleWrapper,io.cucumber.testng.FeatureWrapper)[pri:0, instance:Runner.TestRunner@68e5eea7]" started-at="2026-05-28T18:10:19 IST" name="runScenario" description="Runs Cucumber Scenarios" data-provider="scenarios" finished-at="2026-05-28T18:10:53 IST" duration-ms="33355" status="PASS">
          <params>
            <param index="0">
              <value>
                <![CDATA["Validate mobile search functionality"]]>
              </value>
            </param>
            <param index="1">
              <value>
                <![CDATA["Flipkart Search Functionality"]]>
              </value>
            </param>
          </params>
          <reporter-output>
          </reporter-output>
        </test-method> <!-- runScenario -->
        <test-method is-config="true" signature="tearDownClass()[pri:0, instance:Runner.TestRunner@68e5eea7]" started-at="2026-05-28T18:10:53 IST" name="tearDownClass" finished-at="2026-05-28T18:10:53 IST" duration-ms="52" status="PASS">
          <reporter-output>
          </reporter-output>
        </test-method> <!-- tearDownClass -->
      </class> <!-- Runner.TestRunner -->
    </test> <!-- Default test -->
  </suite> <!-- Default suite -->
</testng-results>
