<?xml version="1.0" encoding="UTF-8"?>
<!-- Generated by org.testng.reporters.JUnitReportReporter -->
<testsuite hostname="LAPTOP-N312824R" failures="0" tests="5" name="Runner.TestRunner" time="218.823" errors="0" timestamp="2026-05-28T18:10:53 IST" skipped="0">
  <testcase classname="Runner.TestRunner" name="runScenario" time="30.201"/>
  <testcase classname="Runner.TestRunner" name="runScenario" time="20.237"/>
  <testcase classname="Runner.TestRunner" name="runScenario" time="33.355"/>
  <testcase classname="Runner.TestRunner" name="runScenario" time="42.639"/>
  <testcase classname="Runner.TestRunner" name="runScenario" time="92.391"/>
</testsuite> <!-- Runner.TestRunner -->
