<?xml version="1.0" encoding="UTF-8"?>
<!-- Generated by org.testng.reporters.JUnitReportReporter -->
<testsuite hostname="LAPTOP-N312824R" failures="0" tests="5" name="Runner.TestRunner" time="140.271" errors="0" timestamp="2026-05-28T18:05:05 IST" skipped="0">
  <testcase classname="Runner.TestRunner" name="runScenario" time="31.814"/>
  <testcase classname="Runner.TestRunner" name="runScenario" time="30.160"/>
  <testcase classname="Runner.TestRunner" name="runScenario" time="25.942"/>
  <testcase classname="Runner.TestRunner" name="runScenario" time="20.861"/>
  <testcase classname="Runner.TestRunner" name="runScenario" time="31.494"/>
</testsuite> <!-- Runner.TestRunner -->
