<?xml version="1.0" encoding="UTF-8"?>
<!-- Generated by org.testng.reporters.JUnitReportReporter -->
<testsuite hostname="LAPTOP-N312824R" failures="0" tests="5" name="Runner.TestRunner" time="112.797" errors="0" timestamp="2026-05-30T12:41:13 IST" skipped="0">
  <testcase classname="Runner.TestRunner" name="runScenario" time="25.326"/>
  <testcase classname="Runner.TestRunner" name="runScenario" time="24.734"/>
  <testcase classname="Runner.TestRunner" name="runScenario" time="12.921"/>
  <testcase classname="Runner.TestRunner" name="runScenario" time="25.516"/>
  <testcase classname="Runner.TestRunner" name="runScenario" time="24.300"/>
</testsuite> <!-- Runner.TestRunner -->
